[1778359124] llama_init_from_gpt_params: setting dry_penalty_last_n to ctx_size = 131072
[1778359124] warming up the model with an empty run
[1778359124] Preserved token: 248068
[1778359124] Preserved token: 248069
[1778359124] Preserved token: 248058
[1778359124] Preserved token: 248059
[1778359124] Not preserved because more than 1 token: <function=
[1778359124] Preserved token: 29
[1778359124] Not preserved because more than 1 token: </function>
[1778359124] Not preserved because more than 1 token: <parameter=
[1778359124] Not preserved because more than 1 token: </parameter>
[1778359154] Preserved token: 248068
[1778359154] Preserved token: 248069
[1778359154] Preserved token: 248058
[1778359154] Preserved token: 248059
[1778359154] Not preserved because more than 1 token: <function=
[1778359154] Preserved token: 29
[1778359154] Not preserved because more than 1 token: </function>
[1778359154] Not preserved because more than 1 token: <parameter=
[1778359154] Not preserved because more than 1 token: </parameter>
[1778359535] Preserved token: 248068
[1778359535] Preserved token: 248069
[1778359535] Preserved token: 248058
[1778359535] Preserved token: 248059
[1778359535] Not preserved because more than 1 token: <function=
[1778359535] Preserved token: 29
[1778359535] Not preserved because more than 1 token: </function>
[1778359535] Not preserved because more than 1 token: <parameter=
[1778359535] Not preserved because more than 1 token: </parameter>
